<?xml version="1.0" encoding="UTF-8"?>
<assessmentResult xmlns="http://www.imsglobal.org/xsd/imsqti_result_v2p1">
  <context sourcedId="i5e37c59c838a67e6ab18807faf2811"/>
  <testResult identifier="rdf#i5e37c5ef20a748250b75413e889bd2" datestamp="2020-02-03T08:05:16.329">
    <outcomeVariable identifier="LtiOutcome" cardinality="single" baseType="float">
      <value><![CDATA[0]]></value>
    </outcomeVariable>
  </testResult>
  <itemResult identifier="item-1" datestamp="2020-02-03T08:04:41.292" sessionStatus="final">
    <responseVariable identifier="numAttempts" cardinality="single" baseType="integer">
      <candidateResponse>
        <value><![CDATA[1]]></value>
      </candidateResponse>
    </responseVariable>
    <responseVariable identifier="duration" cardinality="single" baseType="duration">
      <candidateResponse>
        <value><![CDATA[PT24.837663S]]></value>
      </candidateResponse>
    </responseVariable>
    <outcomeVariable identifier="completionStatus" cardinality="single" baseType="identifier">
      <value><![CDATA[completed]]></value>
    </outcomeVariable>
    <outcomeVariable identifier="SCORE" cardinality="single" baseType="float">
      <value><![CDATA[0]]></value>
    </outcomeVariable>
    <outcomeVariable identifier="VALUE" cardinality="single" baseType="float">
      <value><![CDATA[0]]></value>
    </outcomeVariable>
    <outcomeVariable identifier="GRAMMAR" cardinality="single" baseType="float">
      <value><![CDATA[0]]></value>
    </outcomeVariable>
    <outcomeVariable identifier="UNIQUENESS" cardinality="single" baseType="float">
      <value><![CDATA[0]]></value>
    </outcomeVariable>
    <outcomeVariable identifier="MAXSCORE" cardinality="single" baseType="float">
      <value><![CDATA[17]]></value>
    </outcomeVariable>
    <responseVariable identifier="RESPONSE" cardinality="single" baseType="string">
      <candidateResponse>
        <value><![CDATA[Here is a cold, humid and windy winter outside]]></value>
      </candidateResponse>
    </responseVariable>
  </itemResult>
  <itemResult identifier="item-2" datestamp="2020-02-03T08:05:16.325" sessionStatus="final">
    <responseVariable identifier="numAttempts" cardinality="single" baseType="integer">
      <candidateResponse>
        <value><![CDATA[1]]></value>
      </candidateResponse>
    </responseVariable>
    <responseVariable identifier="duration" cardinality="single" baseType="duration">
      <candidateResponse>
        <value><![CDATA[PT34.984667S]]></value>
      </candidateResponse>
    </responseVariable>
    <outcomeVariable identifier="completionStatus" cardinality="single" baseType="identifier">
      <value><![CDATA[completed]]></value>
    </outcomeVariable>
    <outcomeVariable identifier="SCORE" cardinality="single" baseType="float">
      <value><![CDATA[0]]></value>
    </outcomeVariable>
    <outcomeVariable identifier="MAXSCORE" cardinality="single" baseType="float">
      <value><![CDATA[9]]></value>
    </outcomeVariable>
    <outcomeVariable identifier="EXPRESSION" cardinality="single" baseType="float">
      <value><![CDATA[0]]></value>
    </outcomeVariable>
    <outcomeVariable identifier="VALUE" cardinality="single" baseType="float">
      <value><![CDATA[0]]></value>
    </outcomeVariable>
    <responseVariable identifier="RESPONSE" cardinality="single" baseType="string">
      <candidateResponse>
        <value><![CDATA[I'm driving Lamborghini along Miami coast]]></value>
      </candidateResponse>
    </responseVariable>
  </itemResult>
</assessmentResult>
